Performing C SOURCE FILE Test CMAKE_HAVE_LIBC_PTHREAD failed with the following output:
Change Dir: /home/liangxiao/XIMEA/package/samples/xiAPIplusOpenCV/seperate_singleCalibrate/cmake-build-debug/CMakeFiles/CMakeTmp

Run Build Command(s):/usr/bin/make cmTC_de53a/fast && /usr/bin/make -f CMakeFiles/cmTC_de53a.dir/build.make CMakeFiles/cmTC_de53a.dir/build
make[1]: Entering directory '/home/liangxiao/XIMEA/package/samples/xiAPIplusOpenCV/seperate_singleCalibrate/cmake-build-debug/CMakeFiles/CMakeTmp'
Building C object CMakeFiles/cmTC_de53a.dir/src.c.o
/usr/bin/cc   -fPIC -DCMAKE_HAVE_LIBC_PTHREAD   -o CMakeFiles/cmTC_de53a.dir/src.c.o   -c /home/liangxiao/XIMEA/package/samples/xiAPIplusOpenCV/seperate_singleCalibrate/cmake-build-debug/CMakeFiles/CMakeTmp/src.c
Linking C executable cmTC_de53a
/home/liangxiao/clion-2020.1/bin/cmake/linux/bin/cmake -E cmake_link_script CMakeFiles/cmTC_de53a.dir/link.txt --verbose=1
/usr/bin/cc -fPIC -DCMAKE_HAVE_LIBC_PTHREAD    -rdynamic CMakeFiles/cmTC_de53a.dir/src.c.o  -o cmTC_de53a 
CMakeFiles/cmTC_de53a.dir/src.c.o: In function `main':
src.c:(.text+0x3e): undefined reference to `pthread_create'
src.c:(.text+0x4a): undefined reference to `pthread_detach'
src.c:(.text+0x5b): undefined reference to `pthread_join'
src.c:(.text+0x6f): undefined reference to `pthread_atfork'
collect2: error: ld returned 1 exit status
CMakeFiles/cmTC_de53a.dir/build.make:86: recipe for target 'cmTC_de53a' failed
make[1]: *** [cmTC_de53a] Error 1
make[1]: Leaving directory '/home/liangxiao/XIMEA/package/samples/xiAPIplusOpenCV/seperate_singleCalibrate/cmake-build-debug/CMakeFiles/CMakeTmp'
Makefile:121: recipe for target 'cmTC_de53a/fast' failed
make: *** [cmTC_de53a/fast] Error 2


Source file was:
#include <pthread.h>

void* test_func(void* data)
{
  return data;
}

int main(void)
{
  pthread_t thread;
  pthread_create(&thread, NULL, test_func, NULL);
  pthread_detach(thread);
  pthread_join(thread, NULL);
  pthread_atfork(NULL, NULL, NULL);
  pthread_exit(NULL);

  return 0;
}

Determining if the function pthread_create exists in the pthreads failed with the following output:
Change Dir: /home/liangxiao/XIMEA/package/samples/xiAPIplusOpenCV/seperate_singleCalibrate/cmake-build-debug/CMakeFiles/CMakeTmp

Run Build Command(s):/usr/bin/make cmTC_db0ba/fast && /usr/bin/make -f CMakeFiles/cmTC_db0ba.dir/build.make CMakeFiles/cmTC_db0ba.dir/build
make[1]: Entering directory '/home/liangxiao/XIMEA/package/samples/xiAPIplusOpenCV/seperate_singleCalibrate/cmake-build-debug/CMakeFiles/CMakeTmp'
Building C object CMakeFiles/cmTC_db0ba.dir/CheckFunctionExists.c.o
/usr/bin/cc   -fPIC -DCHECK_FUNCTION_EXISTS=pthread_create   -o CMakeFiles/cmTC_db0ba.dir/CheckFunctionExists.c.o   -c /home/liangxiao/clion-2020.1/bin/cmake/linux/share/cmake-3.16/Modules/CheckFunctionExists.c
Linking C executable cmTC_db0ba
/home/liangxiao/clion-2020.1/bin/cmake/linux/bin/cmake -E cmake_link_script CMakeFiles/cmTC_db0ba.dir/link.txt --verbose=1
/usr/bin/cc -fPIC -DCHECK_FUNCTION_EXISTS=pthread_create    -rdynamic CMakeFiles/cmTC_db0ba.dir/CheckFunctionExists.c.o  -o cmTC_db0ba  -lpthreads 
/usr/bin/ld: cannot find -lpthreads
collect2: error: ld returned 1 exit status
CMakeFiles/cmTC_db0ba.dir/build.make:86: recipe for target 'cmTC_db0ba' failed
make[1]: *** [cmTC_db0ba] Error 1
make[1]: Leaving directory '/home/liangxiao/XIMEA/package/samples/xiAPIplusOpenCV/seperate_singleCalibrate/cmake-build-debug/CMakeFiles/CMakeTmp'
Makefile:121: recipe for target 'cmTC_db0ba/fast' failed
make: *** [cmTC_db0ba/fast] Error 2



